# JRE version: Java(TM) SE Runtime Environment (8.0_111-b14) (build 1.8.0_111-b14)
# Java VM: Java HotSpot(TM) 64-Bit Server VM (25.111-b14 mixed mode bsd-amd64 compressed oops)
Heap:
 PSYoungGen      total 141824K, used 80639K [0x000000076ab00000, 0x0000000774000000, 0x00000007c0000000)
  eden space 131072K, 61% used [0x000000076ab00000,0x000000076f9bfda8,0x0000000772b00000)
  from space 10752K, 0% used [0x0000000773580000,0x0000000773580000,0x0000000774000000)
  to   space 10752K, 0% used [0x0000000772b00000,0x0000000772b00000,0x0000000773580000)
 ParOldGen       total 122880K, used 12653K [0x00000006c0000000, 0x00000006c7800000, 0x000000076ab00000)
  object space 122880K, 10% used [0x00000006c0000000,0x00000006c0c5b660,0x00000006c7800000)
 Metaspace       used 27418K, capacity 28530K, committed 29104K, reserved 1075200K
  class space    used 3292K, capacity 3639K, committed 3760K, reserved 1048576K
GC Heap History (6 events):
Event: 6.582 GC heap before
{Heap before GC invocations=1 (full 0):
 PSYoungGen      total 76288K, used 65536K [0x000000076ab00000, 0x0000000770000000, 0x00000007c0000000)
  eden space 65536K, 100% used [0x000000076ab00000,0x000000076eb00000,0x000000076eb00000)
  from space 10752K, 0% used [0x000000076f580000,0x000000076f580000,0x0000000770000000)
  to   space 10752K, 0% used [0x000000076eb00000,0x000000076eb00000,0x000000076f580000)
 ParOldGen       total 175104K, used 0K [0x00000006c0000000, 0x00000006cab00000, 0x000000076ab00000)
  object space 175104K, 0% used [0x00000006c0000000,0x00000006c0000000,0x00000006cab00000)
 Metaspace       used 16063K, capacity 17046K, committed 17152K, reserved 1064960K
  class space    used 1938K, capacity 2304K, committed 2304K, reserved 1048576K
Event: 6.600 GC heap after
Heap after GC invocations=1 (full 0):
 PSYoungGen      total 76288K, used 10736K [0x000000076ab00000, 0x0000000774000000, 0x00000007c0000000)
  eden space 65536K, 0% used [0x000000076ab00000,0x000000076ab00000,0x000000076eb00000)
  from space 10752K, 99% used [0x000000076eb00000,0x000000076f57c130,0x000000076f580000)
  to   space 10752K, 0% used [0x0000000773580000,0x0000000773580000,0x0000000774000000)
 ParOldGen       total 175104K, used 2886K [0x00000006c0000000, 0x00000006cab00000, 0x000000076ab00000)
  object space 175104K, 1% used [0x00000006c0000000,0x00000006c02d1be0,0x00000006cab00000)
 Metaspace       used 16063K, capacity 17046K, committed 17152K, reserved 1064960K
  class space    used 1938K, capacity 2304K, committed 2304K, reserved 1048576K
}
Event: 7.597 GC heap before
{Heap before GC invocations=2 (full 0):
 PSYoungGen      total 76288K, used 42830K [0x000000076ab00000, 0x0000000774000000, 0x00000007c0000000)
  eden space 65536K, 48% used [0x000000076ab00000,0x000000076ca57890,0x000000076eb00000)
  from space 10752K, 99% used [0x000000076eb00000,0x000000076f57c130,0x000000076f580000)
  to   space 10752K, 0% used [0x0000000773580000,0x0000000773580000,0x0000000774000000)
 ParOldGen       total 175104K, used 2886K [0x00000006c0000000, 0x00000006cab00000, 0x000000076ab00000)
  object space 175104K, 1% used [0x00000006c0000000,0x00000006c02d1be0,0x00000006cab00000)
 Metaspace       used 20106K, capacity 21084K, committed 21296K, reserved 1067008K
  class space    used 2480K, capacity 2830K, committed 2864K, reserved 1048576K
Event: 7.612 GC heap after
Heap after GC invocations=2 (full 0):
 PSYoungGen      total 141824K, used 10733K [0x000000076ab00000, 0x0000000774000000, 0x00000007c0000000)
  eden space 131072K, 0% used [0x000000076ab00000,0x000000076ab00000,0x0000000772b00000)
  from space 10752K, 99% used [0x0000000773580000,0x0000000773ffb660,0x0000000774000000)
  to   space 10752K, 0% used [0x0000000772b00000,0x0000000772b00000,0x0000000773580000)
 ParOldGen       total 175104K, used 5044K [0x00000006c0000000, 0x00000006cab00000, 0x000000076ab00000)
  object space 175104K, 2% used [0x00000006c0000000,0x00000006c04ed3c8,0x00000006cab00000)
 Metaspace       used 20106K, capacity 21084K, committed 21296K, reserved 1067008K
  class space    used 2480K, capacity 2830K, committed 2864K, reserved 1048576K
}
Event: 7.612 GC heap before
{Heap before GC invocations=3 (full 1):
 PSYoungGen      total 141824K, used 10733K [0x000000076ab00000, 0x0000000774000000, 0x00000007c0000000)
  eden space 131072K, 0% used [0x000000076ab00000,0x000000076ab00000,0x0000000772b00000)
  from space 10752K, 99% used [0x0000000773580000,0x0000000773ffb660,0x0000000774000000)
  to   space 10752K, 0% used [0x0000000772b00000,0x0000000772b00000,0x0000000773580000)
 ParOldGen       total 175104K, used 5044K [0x00000006c0000000, 0x00000006cab00000, 0x000000076ab00000)
  object space 175104K, 2% used [0x00000006c0000000,0x00000006c04ed3c8,0x00000006cab00000)
 Metaspace       used 20106K, capacity 21084K, committed 21296K, reserved 1067008K
  class space    used 2480K, capacity 2830K, committed 2864K, reserved 1048576K
Event: 7.670 GC heap after
Heap after GC invocations=3 (full 1):
 PSYoungGen      total 141824K, used 0K [0x000000076ab00000, 0x0000000774000000, 0x00000007c0000000)
  eden space 131072K, 0% used [0x000000076ab00000,0x000000076ab00000,0x0000000772b00000)
  from space 10752K, 0% used [0x0000000773580000,0x0000000773580000,0x0000000774000000)
  to   space 10752K, 0% used [0x0000000772b00000,0x0000000772b00000,0x0000000773580000)
 ParOldGen       total 122880K, used 12653K [0x00000006c0000000, 0x00000006c7800000, 0x000000076ab00000)
  object space 122880K, 10% used [0x00000006c0000000,0x00000006c0c5b660,0x00000006c7800000)
 Metaspace       used 20106K, capacity 21084K, committed 21296K, reserved 1067008K
  class space    used 2480K, capacity 2830K, committed 2864K, reserved 1048576K
}

